2025-09-02 00:12:59 [main] INFO  Log - Starting WebDriver...
2025-09-02 00:13:11 [main] INFO  Log - Navigating to test URL....
2025-09-02 00:13:13 [main] INFO  Log - Closing Browser...
2025-09-02 00:15:36 [main] INFO  Log - Starting WebDriver...
2025-09-02 00:15:42 [main] INFO  Log - Navigating to test URL....
2025-09-02 00:15:42 [main] INFO  Log - Staring login test....
2025-09-02 00:15:42 [main] INFO  Log - Adding credentials....
2025-09-02 00:15:42 [main] INFO  Log - Entering username:
2025-09-02 00:15:44 [main] INFO  Log - Entering password:
2025-09-02 00:15:44 [main] INFO  Log - Clicking login button....
2025-09-02 00:15:48 [main] INFO  Log - Verifying page title...
2025-09-02 00:15:48 [main] INFO  Log - Closing Browser...
2025-09-02 15:39:43 [main] INFO  Log - Starting WebDriver...
2025-09-02 15:39:50 [main] INFO  Log - Navigating to test URL....
2025-09-02 15:39:52 [main] INFO  Log - Staring login test....
2025-09-02 15:39:52 [main] INFO  Log - Adding credentials....
2025-09-02 15:39:52 [main] INFO  Log - Entering username:
2025-09-02 15:39:54 [main] INFO  Log - Entering password:
2025-09-02 15:39:54 [main] INFO  Log - Clicking login button....
2025-09-02 15:39:56 [main] INFO  Log - Verifying page title
2025-09-02 15:39:58 [main] INFO  Log - Closing Browser...
2025-09-02 15:46:04 [main] INFO  Log - Starting WebDriver...
2025-09-02 15:46:09 [main] INFO  Log - Navigating to test URL....
2025-09-02 15:46:11 [main] INFO  Log - Staring login test....
2025-09-02 15:46:11 [main] INFO  Log - Adding credentials....
2025-09-02 15:46:11 [main] INFO  Log - Entering username:
2025-09-02 15:46:12 [main] INFO  Log - Entering password:
2025-09-02 15:46:12 [main] INFO  Log - Clicking login button....
2025-09-02 15:46:18 [main] INFO  Log - Verifying page title
2025-09-02 15:46:18 [main] INFO  Log - Closing Browser...
2025-09-02 18:01:29 [main] INFO  Log - Starting WebDriver...
2025-09-02 18:01:37 [main] INFO  Log - Navigating to test URL....
2025-09-02 18:01:38 [main] INFO  Log - Staring login test....
2025-09-02 18:01:38 [main] INFO  Log - Adding credentials....
2025-09-02 18:01:38 [main] INFO  Log - Entering username:
2025-09-02 18:01:39 [main] INFO  Log - Entering password:
2025-09-02 18:01:40 [main] INFO  Log - Clicking login button....
2025-09-02 18:01:41 [main] INFO  Log - Verifying page title
2025-09-02 18:01:42 [main] INFO  Log - Closing Browser...
2025-09-02 23:22:49 [main] INFO  Log - Starting WebDriver...
2025-09-02 23:22:59 [main] INFO  Log - Navigating to test URL....
2025-09-02 23:23:02 [main] INFO  Log - Staring login test....
2025-09-02 23:23:03 [main] INFO  Log - Adding credentials....
2025-09-02 23:23:03 [main] INFO  Log - Entering username:
2025-09-02 23:23:04 [main] INFO  Log - Entering password:
2025-09-02 23:23:04 [main] INFO  Log - Clicking login button....
2025-09-02 23:23:08 [main] INFO  Log - Verifying page title
2025-09-02 23:23:10 [main] INFO  Log - Closing Browser...
2025-09-02 23:25:29 [main] INFO  Utils - [Utils] MethodGroupsHelper.collectMethodsByGroup() took 15 ms.
2025-09-02 23:25:29 [main] INFO  Utils - [Utils] MethodGroupsHelper.sortMethods() took 34 ms.
2025-09-02 23:25:29 [main] INFO  Utils - [Utils] MethodGroupsHelper.collectMethodsByGroup() took 0 ms.
2025-09-02 23:25:29 [main] INFO  Utils - [Utils] MethodGroupsHelper.sortMethods() took 0 ms.
2025-09-02 23:25:29 [main] INFO  Utils - [Utils] MethodGroupsHelper.collectMethodsByGroup() took 0 ms.
2025-09-02 23:25:29 [main] INFO  Utils - [Utils] MethodGroupsHelper.sortMethods() took 0 ms.
2025-09-02 23:25:29 [main] INFO  Utils - [Utils] MethodGroupsHelper.collectMethodsByGroup() took 0 ms.
2025-09-02 23:25:29 [main] INFO  Utils - [Utils] MethodGroupsHelper.sortMethods() took 0 ms.
2025-09-02 23:25:29 [main] INFO  Utils - [Utils] MethodGroupsHelper.collectMethodsByGroup() took 0 ms.
2025-09-02 23:25:29 [main] INFO  Utils - [Utils] MethodGroupsHelper.sortMethods() took 0 ms.
2025-09-02 23:25:29 [main] INFO  Utils - [Utils] MethodGroupsHelper.collectMethodsByGroup() took 0 ms.
2025-09-02 23:25:29 [main] INFO  Utils - [Utils] MethodGroupsHelper.sortMethods() took 0 ms.
2025-09-02 23:25:29 [main] INFO  Utils - [Utils] MethodGroupsHelper.collectMethodsByGroup() took 0 ms.
2025-09-02 23:25:29 [main] INFO  Utils - [Utils] MethodGroupsHelper.sortMethods() took 0 ms.
2025-09-02 23:25:29 [main] INFO  Utils - [Utils] MethodGroupsHelper.collectMethodsByGroup() took 0 ms.
2025-09-02 23:25:29 [main] INFO  Utils - [Utils] MethodGroupsHelper.sortMethods() took 0 ms.
2025-09-02 23:25:29 [main] INFO  Utils - [Utils] MethodGroupsHelper.collectMethodsByGroup() took 0 ms.
2025-09-02 23:25:29 [main] INFO  Utils - [Utils] MethodGroupsHelper.sortMethods() took 2 ms.
2025-09-02 23:25:29 [main] INFO  Utils - [Utils] MethodGroupsHelper.collectMethodsByGroup() took 0 ms.
2025-09-02 23:25:29 [main] INFO  Utils - [Utils] MethodGroupsHelper.sortMethods() took 2 ms.
2025-09-02 23:25:29 [main] INFO  Utils - [Utils] MethodGroupsHelper.collectMethodsByGroup() took 0 ms.
2025-09-02 23:25:29 [main] INFO  Utils - [Utils] MethodGroupsHelper.sortMethods() took 2 ms.
2025-09-02 23:25:29 [main] INFO  Utils - [Utils] MethodGroupsHelper.collectMethodsByGroup() took 0 ms.
2025-09-02 23:25:29 [main] INFO  Utils - [Utils] MethodGroupsHelper.sortMethods() took 0 ms.
2025-09-02 23:25:29 [main] INFO  Utils - [Utils] MethodGroupsHelper.collectMethodsByGroup() took 1 ms.
2025-09-02 23:25:29 [main] INFO  Utils - [Utils] MethodGroupsHelper.sortMethods() took 1 ms.
2025-09-02 23:25:29 [main] INFO  Utils - [Utils] MethodGroupsHelper.collectMethodsByGroup() took 0 ms.
2025-09-02 23:25:29 [main] INFO  Utils - [Utils] MethodGroupsHelper.sortMethods() took 0 ms.
2025-09-02 23:25:29 [main] INFO  Utils - [Utils] MethodGroupsHelper.collectMethodsByGroup() took 1 ms.
2025-09-02 23:25:29 [main] INFO  Utils - [Utils] MethodGroupsHelper.sortMethods() took 1 ms.
2025-09-02 23:25:29 [main] INFO  Utils - [TestNG] Running:
  C:\Users\admin\AppData\Local\Temp\testng-eclipse--1783271771\testng-customsuite.xml

2025-09-02 23:25:31 [main] INFO  Utils - [Utils] DynamicGraphHelper.createDynamicGraph() took 17 ms.
2025-09-02 23:25:31 [main] INFO  Log - Starting WebDriver...
2025-09-02 23:25:36 [main] INFO  Log - Navigating to test URL....
2025-09-02 23:25:37 [main] INFO  Log - Staring login test....
2025-09-02 23:25:37 [main] INFO  Log - Adding credentials....
2025-09-02 23:25:37 [main] INFO  Log - Entering username:
2025-09-02 23:25:39 [main] INFO  Log - Entering password:
2025-09-02 23:25:39 [main] INFO  Log - Clicking login button....
2025-09-02 23:25:43 [main] INFO  Log - Verifying page title
2025-09-02 23:25:43 [main] INFO  Log - Closing Browser...
2025-09-02 23:25:44 [main] INFO  Utils - [TestNG] Time taken by org.testng.reporters.jq.Main@3bddc676: 150 ms
2025-09-02 23:25:44 [main] INFO  Utils - [TestNG] Time taken by org.testng.reporters.FailedReporter@339a3670: 24 ms
2025-09-02 23:25:44 [main] INFO  Utils - [TestNG] Time taken by org.testng.reporters.XMLReporter@71978f46: 22 ms
2025-09-02 23:25:44 [main] INFO  Utils - [TestNG] Time taken by org.testng.reporters.EmailableReporter2@49c675f0: 15 ms
2025-09-02 23:25:44 [main] INFO  Utils - [TestNG] Time taken by org.testng.reporters.JUnitReportReporter@7979b8b7: 14 ms
2025-09-02 23:25:44 [main] INFO  Utils - [TestNG] Time taken by org.testng.internal.ExitCodeListener@7a04fea7: 0 ms
2025-09-02 23:37:28 [main] INFO  Log - Starting WebDriver...
2025-09-02 23:37:34 [main] INFO  Log - Navigating to test URL....
2025-09-02 23:37:37 [main] INFO  Log - Staring login test....
2025-09-02 23:37:37 [main] INFO  Log - Adding credentials....
2025-09-02 23:37:37 [main] INFO  Log - Entering username:
2025-09-02 23:37:38 [main] INFO  Log - Entering password:
2025-09-02 23:37:39 [main] INFO  Log - Clicking login button....
2025-09-02 23:37:45 [main] INFO  Log - Verifying page title
2025-09-02 23:37:45 [main] INFO  Log - Closing Browser...
2025-09-03 00:01:17 [main] INFO  Log - Starting WebDriver...
2025-09-03 00:01:23 [main] INFO  Log - Navigating to test URL....
2025-09-03 00:01:25 [main] INFO  Log - Staring login test....
2025-09-03 00:01:25 [main] INFO  Log - Adding credentials....
2025-09-03 00:01:25 [main] INFO  Log - Entering username:
2025-09-03 00:01:28 [main] INFO  Log - Entering password:
2025-09-03 00:01:28 [main] INFO  Log - Clicking login button....
2025-09-03 00:01:31 [main] INFO  Log - Verifying page title
2025-09-03 00:01:32 [main] INFO  Log - Closing Browser...
2025-09-03 00:04:43 [main] INFO  Log - Starting WebDriver...
2025-09-03 00:04:48 [main] INFO  Log - Navigating to test URL....
2025-09-03 00:04:50 [main] INFO  Log - Staring login test....
2025-09-03 00:04:50 [main] INFO  Log - Adding credentials....
2025-09-03 00:04:50 [main] INFO  Log - Entering username:
2025-09-03 00:04:54 [main] INFO  Log - Entering password:
2025-09-03 00:04:54 [main] INFO  Log - Clicking login button....
2025-09-03 00:04:56 [main] INFO  Log - Verifying page title
2025-09-03 00:04:56 [main] INFO  Log - Login test completed
2025-09-03 00:04:56 [main] INFO  Log - Closing Browser...
2025-09-03 00:22:03 [main] INFO  Log - Starting WebDriver...
2025-09-03 00:22:09 [main] INFO  Log - Navigating to test URL....
2025-09-03 00:22:11 [main] INFO  Log - Staring login test....
2025-09-03 00:22:11 [main] INFO  Log - Adding credentials....
2025-09-03 00:22:11 [main] INFO  Log - Entering username:
2025-09-03 00:22:14 [main] INFO  Log - Entering password:
2025-09-03 00:22:14 [main] INFO  Log - Clicking login button....
2025-09-03 00:22:17 [main] INFO  Log - Verifying page title
2025-09-03 00:22:20 [main] INFO  Log - Closing Browser...
2025-09-03 00:41:21 [main] INFO  Log - Starting WebDriver...
2025-09-03 00:41:32 [main] INFO  Log - Navigating to test URL....
2025-09-03 00:41:32 [main] INFO  Log - Staring login test....
2025-09-03 00:41:32 [main] INFO  Log - Adding credentials....
2025-09-03 00:41:32 [main] INFO  Log - Entering username:
2025-09-03 00:41:35 [main] INFO  Log - Entering password:
2025-09-03 00:41:35 [main] INFO  Log - Clicking login button....
2025-09-03 00:41:39 [main] INFO  Log - Verifying page title
2025-09-03 00:41:39 [main] INFO  Log - Login test completed
2025-09-03 00:41:39 [main] INFO  Log - Closing Browser...
2025-09-03 00:41:40 [main] INFO  Log - Starting WebDriver...
2025-09-03 00:41:43 [main] INFO  Log - Navigating to test URL....
2025-09-03 00:41:44 [main] INFO  Log - Staring login test....
2025-09-03 00:41:44 [main] INFO  Log - Adding credentials....
2025-09-03 00:41:44 [main] INFO  Log - Entering username:
2025-09-03 00:41:45 [main] INFO  Log - Entering password:
2025-09-03 00:41:46 [main] INFO  Log - Clicking login button....
2025-09-03 00:41:47 [main] INFO  Log - Verifying page title
2025-09-03 00:41:47 [main] INFO  Log - Closing Browser...
2025-09-03 01:10:18 [main] INFO  Log - Starting WebDriver...
2025-09-03 01:10:24 [main] INFO  Log - Navigating to test URL....
2025-09-03 01:10:26 [main] INFO  Log - Staring login test....
2025-09-03 01:10:26 [main] INFO  Log - Adding credentials....
2025-09-03 01:10:26 [main] INFO  Log - Entering username:
2025-09-03 01:10:28 [main] INFO  Log - Entering password:
2025-09-03 01:10:28 [main] INFO  Log - Clicking login button....
2025-09-03 01:10:28 [main] INFO  Log - Closing Browser...
2025-09-03 01:10:29 [main] INFO  Log - Starting WebDriver...
2025-09-03 01:10:33 [main] INFO  Log - Navigating to test URL....
2025-09-03 01:10:34 [main] INFO  Log - Staring login test....
2025-09-03 01:10:34 [main] INFO  Log - Adding credentials....
2025-09-03 01:10:34 [main] INFO  Log - Entering username:
2025-09-03 01:10:36 [main] INFO  Log - Entering password:
2025-09-03 01:10:36 [main] INFO  Log - Clicking login button....
2025-09-03 01:10:36 [main] INFO  Log - Closing Browser...
2025-09-03 01:14:18 [main] INFO  Log - Starting WebDriver...
2025-09-03 01:14:23 [main] INFO  Log - Navigating to test URL....
2025-09-03 01:14:24 [main] INFO  Log - Staring login test....
2025-09-03 01:14:24 [main] INFO  Log - Adding credentials....
2025-09-03 01:14:24 [main] INFO  Log - Entering username:
2025-09-03 01:14:25 [main] INFO  Log - Entering password:
2025-09-03 01:14:26 [main] INFO  Log - Clicking login button....
2025-09-03 01:14:26 [main] INFO  Log - Closing Browser...
2025-09-03 01:14:26 [main] INFO  Log - Starting WebDriver...
2025-09-03 01:14:31 [main] INFO  Log - Navigating to test URL....
2025-09-03 01:14:32 [main] INFO  Log - Staring login test....
2025-09-03 01:14:32 [main] INFO  Log - Adding credentials....
2025-09-03 01:14:32 [main] INFO  Log - Entering username:
2025-09-03 01:14:33 [main] INFO  Log - Entering password:
2025-09-03 01:14:34 [main] INFO  Log - Clicking login button....
2025-09-03 01:14:34 [main] INFO  Log - Closing Browser...
2025-09-03 01:18:03 [main] INFO  Log - Starting WebDriver...
2025-09-03 01:18:08 [main] INFO  Log - Navigating to test URL....
2025-09-03 01:18:09 [main] INFO  Log - Staring login test....
2025-09-03 01:18:09 [main] INFO  Log - Adding credentials....
2025-09-03 01:18:09 [main] INFO  Log - Entering username:
2025-09-03 01:18:11 [main] INFO  Log - Entering password:
2025-09-03 01:18:11 [main] INFO  Log - Clicking login button....
2025-09-03 01:18:11 [main] INFO  Log - Closing Browser...
2025-09-03 01:18:11 [main] INFO  Log - Starting WebDriver...
2025-09-03 01:18:17 [main] INFO  Log - Navigating to test URL....
2025-09-03 01:18:17 [main] INFO  Log - Staring login test....
2025-09-03 01:18:17 [main] INFO  Log - Adding credentials....
2025-09-03 01:18:17 [main] INFO  Log - Entering username:
2025-09-03 01:18:20 [main] INFO  Log - Entering password:
2025-09-03 01:18:20 [main] INFO  Log - Clicking login button....
2025-09-03 01:18:20 [main] INFO  Log - Closing Browser...
2025-09-03 01:23:03 [main] INFO  Log - Starting WebDriver...
2025-09-03 01:23:09 [main] INFO  Log - Navigating to test URL....
2025-09-03 01:23:11 [main] INFO  Log - Staring login test....
2025-09-03 01:23:11 [main] INFO  Log - Adding credentials....
2025-09-03 01:23:11 [main] INFO  Log - Entering username:
2025-09-03 01:23:13 [main] INFO  Log - Entering password:
2025-09-03 01:23:13 [main] INFO  Log - Clicking login button....
2025-09-03 01:23:13 [main] INFO  Log - Closing Browser...
2025-09-03 01:23:14 [main] INFO  Log - Starting WebDriver...
2025-09-03 01:23:18 [main] INFO  Log - Navigating to test URL....
2025-09-03 01:23:19 [main] INFO  Log - Staring login test....
2025-09-03 01:23:19 [main] INFO  Log - Adding credentials....
2025-09-03 01:23:19 [main] INFO  Log - Entering username:
2025-09-03 01:23:21 [main] INFO  Log - Entering password:
2025-09-03 01:23:22 [main] INFO  Log - Clicking login button....
2025-09-03 01:23:22 [main] INFO  Log - Closing Browser...
2025-09-03 01:25:20 [main] INFO  Log - Starting WebDriver...
2025-09-03 01:25:27 [main] INFO  Log - Navigating to test URL....
2025-09-03 01:25:28 [main] INFO  Log - Staring login test....
2025-09-03 01:25:28 [main] INFO  Log - Adding credentials....
2025-09-03 01:25:28 [main] INFO  Log - Entering username:
2025-09-03 01:25:30 [main] INFO  Log - Entering password:
2025-09-03 01:25:30 [main] INFO  Log - Clicking login button....
2025-09-03 01:25:31 [main] INFO  Log - Closing Browser...
2025-09-03 01:25:32 [main] INFO  Log - Starting WebDriver...
2025-09-03 01:25:36 [main] INFO  Log - Navigating to test URL....
2025-09-03 01:25:37 [main] INFO  Log - Staring login test....
2025-09-03 01:25:37 [main] INFO  Log - Adding credentials....
2025-09-03 01:25:37 [main] INFO  Log - Entering username:
2025-09-03 01:25:39 [main] INFO  Log - Entering password:
2025-09-03 01:25:39 [main] INFO  Log - Clicking login button....
2025-09-03 01:25:39 [main] INFO  Log - Closing Browser...
2025-09-03 14:34:47 [main] INFO  Log - Starting WebDriver...
2025-09-03 14:34:58 [main] INFO  Log - Navigating to test URL....
2025-09-03 14:35:00 [main] INFO  Log - Staring login test....
2025-09-03 14:35:01 [main] INFO  Log - Adding credentials....
2025-09-03 14:35:01 [main] INFO  Log - Entering username:
2025-09-03 14:35:03 [main] INFO  Log - Entering password:
2025-09-03 14:35:03 [main] INFO  Log - Clicking login button....
2025-09-03 14:35:04 [main] INFO  Log - Closing Browser...
2025-09-03 14:35:05 [main] INFO  Log - Starting WebDriver...
2025-09-03 14:35:12 [main] INFO  Log - Navigating to test URL....
2025-09-03 14:35:15 [main] INFO  Log - Staring login test....
2025-09-03 14:35:15 [main] INFO  Log - Adding credentials....
2025-09-03 14:35:15 [main] INFO  Log - Entering username:
2025-09-03 14:35:17 [main] INFO  Log - Entering password:
2025-09-03 14:35:17 [main] INFO  Log - Clicking login button....
2025-09-03 14:35:17 [main] INFO  Log - Closing Browser...
2025-09-03 14:35:18 [main] INFO  Log - Starting WebDriver...
2025-09-03 14:35:24 [main] INFO  Log - Navigating to test URL....
2025-09-03 14:35:26 [main] INFO  Log - Staring login test....
2025-09-03 14:35:26 [main] INFO  Log - Adding credentials....
2025-09-03 14:35:26 [main] INFO  Log - Entering username:
2025-09-03 14:35:28 [main] INFO  Log - Entering password:
2025-09-03 14:35:29 [main] INFO  Log - Clicking login button....
2025-09-03 14:35:29 [main] INFO  Log - Closing Browser...
2025-09-03 14:51:38 [main] INFO  Log - Starting WebDriver...
2025-09-03 14:51:47 [main] INFO  Log - Navigating to test URL....
2025-09-03 14:51:49 [main] INFO  Log - Staring login test....
2025-09-03 14:51:50 [main] INFO  Log - Adding credentials....
2025-09-03 14:51:50 [main] INFO  Log - Entering username:
2025-09-03 14:51:51 [main] INFO  Log - Entering password:
2025-09-03 14:51:52 [main] INFO  Log - Clicking login button....
2025-09-03 14:51:52 [main] INFO  Log - Verifying page title
2025-09-03 14:51:52 [main] INFO  Log - Closing Browser...
2025-09-03 14:51:53 [main] INFO  Log - Starting WebDriver...
2025-09-03 14:51:58 [main] INFO  Log - Navigating to test URL....
2025-09-03 14:51:59 [main] INFO  Log - Staring login test....
2025-09-03 14:51:59 [main] INFO  Log - Adding credentials....
2025-09-03 14:51:59 [main] INFO  Log - Entering username:
2025-09-03 14:52:01 [main] INFO  Log - Entering password:
2025-09-03 14:52:02 [main] INFO  Log - Clicking login button....
2025-09-03 14:52:03 [main] INFO  Log - Verifying page title
2025-09-03 14:52:03 [main] INFO  Log - Closing Browser...
2025-09-03 14:52:04 [main] INFO  Log - Starting WebDriver...
2025-09-03 14:52:08 [main] INFO  Log - Navigating to test URL....
2025-09-03 14:52:09 [main] INFO  Log - Staring login test....
2025-09-03 14:52:09 [main] INFO  Log - Adding credentials....
2025-09-03 14:52:09 [main] INFO  Log - Entering username:
2025-09-03 14:52:11 [main] INFO  Log - Entering password:
2025-09-03 14:52:12 [main] INFO  Log - Clicking login button....
2025-09-03 14:52:15 [main] INFO  Log - Verifying page title
2025-09-03 14:52:16 [main] INFO  Log - Login test completed
2025-09-03 14:52:16 [main] INFO  Log - Closing Browser...
2025-09-03 15:37:13 [main] INFO  Log - Starting WebDriver...
2025-09-03 15:37:23 [main] INFO  Log - Navigating to test URL....
2025-09-03 15:37:26 [main] INFO  Log - Staring login test....
2025-09-03 15:37:27 [main] INFO  Log - Adding credentials....
2025-09-03 15:37:27 [main] INFO  Log - Entering username:
2025-09-03 15:37:28 [main] INFO  Log - Entering password:
2025-09-03 15:37:28 [main] INFO  Log - Clicking login button....
2025-09-03 15:37:28 [main] INFO  Log - Verifying page title
2025-09-03 15:37:29 [main] INFO  Log - Closing Browser...
2025-09-03 15:37:30 [main] INFO  Log - Starting WebDriver...
2025-09-03 15:37:34 [main] INFO  Log - Navigating to test URL....
2025-09-03 15:37:35 [main] INFO  Log - Staring login test....
2025-09-03 15:37:35 [main] INFO  Log - Adding credentials....
2025-09-03 15:37:35 [main] INFO  Log - Entering username:
2025-09-03 15:37:37 [main] INFO  Log - Entering password:
2025-09-03 15:37:38 [main] INFO  Log - Clicking login button....
2025-09-03 15:37:39 [main] INFO  Log - Verifying page title
2025-09-03 15:37:39 [main] INFO  Log - Closing Browser...
2025-09-03 15:37:40 [main] INFO  Log - Starting WebDriver...
2025-09-03 15:37:45 [main] INFO  Log - Navigating to test URL....
2025-09-03 15:37:47 [main] INFO  Log - Staring login test....
2025-09-03 15:37:47 [main] INFO  Log - Adding credentials....
2025-09-03 15:37:47 [main] INFO  Log - Entering username:
2025-09-03 15:37:50 [main] INFO  Log - Entering password:
2025-09-03 15:37:50 [main] INFO  Log - Clicking login button....
2025-09-03 15:37:50 [main] INFO  Log - Verifying page title
2025-09-03 15:37:51 [main] INFO  Log - Closing Browser...
2025-09-03 16:27:33 [main] INFO  Log - Starting WebDriver...
2025-09-03 16:27:42 [main] INFO  Log - Navigating to test URL....
2025-09-03 16:27:46 [main] INFO  Log - Staring login test....
2025-09-03 16:27:46 [main] INFO  Log - Adding credentials....
2025-09-03 16:27:46 [main] INFO  Log - Entering username:
2025-09-03 16:27:48 [main] INFO  Log - Entering password:
2025-09-03 16:27:48 [main] INFO  Log - Clicking login button....
2025-09-03 16:27:48 [main] INFO  Log - Verifying page title
2025-09-03 16:27:48 [main] INFO  Log - Closing Browser...
